[00:00:00.008] (1ddb4dec0) TRACE  registering event source with poller: token=Token(5442155392), interests=READABLE | WRITABLE
[00:00:00.011] (1ddb4dec0) DEBUG  not performing TLS upgrade: unsupported by server
[00:00:00.027] (1ddb4dec0) DEBUG  summary="SET sql_mode=(SELECT CONCAT(@@sql_mode, ',PIPES_AS_CONCAT,NO_ENGINE_SUBSTITUTION')),time_zone='+00:00',NAMES …" db.statement="\n\nSET\n  sql_mode =(\n    SELECT\n      CONCAT(\n        @ @sql_mode,\n        ',PIPES_AS_CONCAT,NO_ENGINE_SUBSTITUTION'\n      )\n  ),\n  time_zone = '+00:00',\n  NAMES utf8mb4 COLLATE utf8mb4_unicode_ci;\n" rows_affected=0 rows_returned=0 elapsed=8.097625ms elapsed_secs=0.008097625
[00:00:00.034] (1ddb4dec0) TRACE  registering event source with poller: token=Token(0), interests=READABLE
[00:00:00.034] (1ddb4dec0) TRACE  registering event source with poller: token=Token(1), interests=READABLE
[00:00:01.484] (1ddb4dec0) DEBUG  summary="SELECT * FROM Project" db.statement="" rows_affected=0 rows_returned=4 elapsed=2.078292ms elapsed_secs=0.002078292
[00:00:01.485] (1ddb4dec0) TRACE  registering event source with poller: token=Token(5442166912), interests=READABLE | WRITABLE
[00:00:01.486] (1ddb4dec0) DEBUG  not performing TLS upgrade: unsupported by server
[00:00:01.489] (1ddb4dec0) DEBUG  summary="SET sql_mode=(SELECT CONCAT(@@sql_mode, ',PIPES_AS_CONCAT,NO_ENGINE_SUBSTITUTION')),time_zone='+00:00',NAMES …" db.statement="\n\nSET\n  sql_mode =(\n    SELECT\n      CONCAT(\n        @ @sql_mode,\n        ',PIPES_AS_CONCAT,NO_ENGINE_SUBSTITUTION'\n      )\n  ),\n  time_zone = '+00:00',\n  NAMES utf8mb4 COLLATE utf8mb4_unicode_ci;\n" rows_affected=0 rows_returned=0 elapsed=309.625µs elapsed_secs=0.000309625
[00:00:01.494] (1ddb4dec0) DEBUG  summary="SELECT Sprint.* FROM Sprint …" db.statement="\n\nSELECT\n  Sprint.*\nFROM\n  Sprint\n  INNER JOIN ProjectSprint ON Sprint.SprintID = ProjectSprint.SprintID\nWHERE\n  ProjectSprint.ProjectID = ?\n" rows_affected=0 rows_returned=3 elapsed=1.485125ms elapsed_secs=0.001485125
[00:00:01.497] (1ddb4dec0) DEBUG  summary="SELECT Task.* FROM Task …" db.statement="\n\nSELECT\n  Task.*\nFROM\n  Task\n  INNER JOIN PartOf ON Task.TaskID = PartOf.TaskID\nWHERE\n  PartOf.SprintID = ?\n" rows_affected=0 rows_returned=2 elapsed=531.084µs elapsed_secs=0.000531084
[00:00:01.500] (1ddb4dec0) DEBUG  summary="SELECT Task.* FROM Task …" db.statement="\n\nSELECT\n  Task.*\nFROM\n  Task\n  INNER JOIN PartOf ON Task.TaskID = PartOf.TaskID\nWHERE\n  PartOf.SprintID = ?\n" rows_affected=0 rows_returned=2 elapsed=674.125µs elapsed_secs=0.000674125
[00:00:01.503] (1ddb4dec0) DEBUG  summary="SELECT Task.* FROM Task …" db.statement="\n\nSELECT\n  Task.*\nFROM\n  Task\n  INNER JOIN PartOf ON Task.TaskID = PartOf.TaskID\nWHERE\n  PartOf.SprintID = ?\n" rows_affected=0 rows_returned=2 elapsed=404.208µs elapsed_secs=0.000404208
[00:00:01.506] (1ddb4dec0) DEBUG  summary="SELECT Member.* FROM Member …" db.statement="\n\nSELECT\n  Member.*\nFROM\n  Member\n  INNER JOIN ContributesTo ON Member.MemberID = ContributesTo.MemberID\nWHERE\n  ContributesTo.ProjectID = ?\n" rows_affected=0 rows_returned=2 elapsed=499.875µs elapsed_secs=0.000499875
[00:00:01.509] (1ddb4dec0) DEBUG  summary="SELECT Sprint.* FROM Sprint …" db.statement="\n\nSELECT\n  Sprint.*\nFROM\n  Sprint\n  INNER JOIN ProjectSprint ON Sprint.SprintID = ProjectSprint.SprintID\nWHERE\n  ProjectSprint.ProjectID = ?\n" rows_affected=0 rows_returned=1 elapsed=654.292µs elapsed_secs=0.000654292
[00:00:01.511] (1ddb4dec0) DEBUG  summary="SELECT Task.* FROM Task …" db.statement="\n\nSELECT\n  Task.*\nFROM\n  Task\n  INNER JOIN PartOf ON Task.TaskID = PartOf.TaskID\nWHERE\n  PartOf.SprintID = ?\n" rows_affected=0 rows_returned=2 elapsed=410.917µs elapsed_secs=0.000410917
[00:00:01.514] (1ddb4dec0) DEBUG  summary="SELECT Member.* FROM Member …" db.statement="\n\nSELECT\n  Member.*\nFROM\n  Member\n  INNER JOIN ContributesTo ON Member.MemberID = ContributesTo.MemberID\nWHERE\n  ContributesTo.ProjectID = ?\n" rows_affected=0 rows_returned=1 elapsed=840.708µs elapsed_secs=0.000840708
[00:00:01.517] (1ddb4dec0) DEBUG  summary="SELECT Sprint.* FROM Sprint …" db.statement="\n\nSELECT\n  Sprint.*\nFROM\n  Sprint\n  INNER JOIN ProjectSprint ON Sprint.SprintID = ProjectSprint.SprintID\nWHERE\n  ProjectSprint.ProjectID = ?\n" rows_affected=0 rows_returned=1 elapsed=427.459µs elapsed_secs=0.000427459
[00:00:01.520] (1ddb4dec0) DEBUG  summary="SELECT Task.* FROM Task …" db.statement="\n\nSELECT\n  Task.*\nFROM\n  Task\n  INNER JOIN PartOf ON Task.TaskID = PartOf.TaskID\nWHERE\n  PartOf.SprintID = ?\n" rows_affected=0 rows_returned=2 elapsed=368.25µs elapsed_secs=0.00036825
[00:00:01.523] (1ddb4dec0) DEBUG  summary="SELECT Member.* FROM Member …" db.statement="\n\nSELECT\n  Member.*\nFROM\n  Member\n  INNER JOIN ContributesTo ON Member.MemberID = ContributesTo.MemberID\nWHERE\n  ContributesTo.ProjectID = ?\n" rows_affected=0 rows_returned=1 elapsed=407.667µs elapsed_secs=0.000407667
[00:00:01.525] (1ddb4dec0) DEBUG  summary="SELECT Sprint.* FROM Sprint …" db.statement="\n\nSELECT\n  Sprint.*\nFROM\n  Sprint\n  INNER JOIN ProjectSprint ON Sprint.SprintID = ProjectSprint.SprintID\nWHERE\n  ProjectSprint.ProjectID = ?\n" rows_affected=0 rows_returned=1 elapsed=359.5µs elapsed_secs=0.0003595
[00:00:01.527] (1ddb4dec0) DEBUG  summary="SELECT Task.* FROM Task …" db.statement="\n\nSELECT\n  Task.*\nFROM\n  Task\n  INNER JOIN PartOf ON Task.TaskID = PartOf.TaskID\nWHERE\n  PartOf.SprintID = ?\n" rows_affected=0 rows_returned=2 elapsed=386.666µs elapsed_secs=0.000386666
[00:00:01.529] (1ddb4dec0) DEBUG  summary="SELECT Member.* FROM Member …" db.statement="\n\nSELECT\n  Member.*\nFROM\n  Member\n  INNER JOIN ContributesTo ON Member.MemberID = ContributesTo.MemberID\nWHERE\n  ContributesTo.ProjectID = ?\n" rows_affected=0 rows_returned=2 elapsed=478.542µs elapsed_secs=0.000478542
[00:00:02.162] (1ddb4dec0) TRACE  Increased depth of cursor. New cursor: ProjectCursor { depth: Sprint, project: Some(0), sprint: Some(0), task: None }
[00:00:03.495] (1ddb4dec0) TRACE  Attempted to open a project's dialog!
[00:00:24.043] (1ddb4dec0) DEBUG  summary="SELECT * FROM Project" db.statement="" rows_affected=0 rows_returned=4 elapsed=1.013708ms elapsed_secs=0.001013708
[00:00:24.048] (1ddb4dec0) DEBUG  summary="SELECT Sprint.* FROM Sprint …" db.statement="\n\nSELECT\n  Sprint.*\nFROM\n  Sprint\n  INNER JOIN ProjectSprint ON Sprint.SprintID = ProjectSprint.SprintID\nWHERE\n  ProjectSprint.ProjectID = ?\n" rows_affected=0 rows_returned=3 elapsed=489.709µs elapsed_secs=0.000489709
[00:00:24.053] (1ddb4dec0) DEBUG  summary="SELECT Task.* FROM Task …" db.statement="\n\nSELECT\n  Task.*\nFROM\n  Task\n  INNER JOIN PartOf ON Task.TaskID = PartOf.TaskID\nWHERE\n  PartOf.SprintID = ?\n" rows_affected=0 rows_returned=2 elapsed=510.334µs elapsed_secs=0.000510334
[00:00:24.057] (1ddb4dec0) DEBUG  summary="SELECT Task.* FROM Task …" db.statement="\n\nSELECT\n  Task.*\nFROM\n  Task\n  INNER JOIN PartOf ON Task.TaskID = PartOf.TaskID\nWHERE\n  PartOf.SprintID = ?\n" rows_affected=0 rows_returned=2 elapsed=304.25µs elapsed_secs=0.00030425
[00:00:24.060] (1ddb4dec0) DEBUG  summary="SELECT Task.* FROM Task …" db.statement="\n\nSELECT\n  Task.*\nFROM\n  Task\n  INNER JOIN PartOf ON Task.TaskID = PartOf.TaskID\nWHERE\n  PartOf.SprintID = ?\n" rows_affected=0 rows_returned=2 elapsed=400.5µs elapsed_secs=0.0004005
[00:00:24.064] (1ddb4dec0) DEBUG  summary="SELECT Member.* FROM Member …" db.statement="\n\nSELECT\n  Member.*\nFROM\n  Member\n  INNER JOIN ContributesTo ON Member.MemberID = ContributesTo.MemberID\nWHERE\n  ContributesTo.ProjectID = ?\n" rows_affected=0 rows_returned=2 elapsed=437.917µs elapsed_secs=0.000437917
[00:00:24.067] (1ddb4dec0) DEBUG  summary="SELECT Sprint.* FROM Sprint …" db.statement="\n\nSELECT\n  Sprint.*\nFROM\n  Sprint\n  INNER JOIN ProjectSprint ON Sprint.SprintID = ProjectSprint.SprintID\nWHERE\n  ProjectSprint.ProjectID = ?\n" rows_affected=0 rows_returned=1 elapsed=432.417µs elapsed_secs=0.000432417
[00:00:24.070] (1ddb4dec0) DEBUG  summary="SELECT Task.* FROM Task …" db.statement="\n\nSELECT\n  Task.*\nFROM\n  Task\n  INNER JOIN PartOf ON Task.TaskID = PartOf.TaskID\nWHERE\n  PartOf.SprintID = ?\n" rows_affected=0 rows_returned=2 elapsed=393.708µs elapsed_secs=0.000393708
[00:00:24.073] (1ddb4dec0) DEBUG  summary="SELECT Member.* FROM Member …" db.statement="\n\nSELECT\n  Member.*\nFROM\n  Member\n  INNER JOIN ContributesTo ON Member.MemberID = ContributesTo.MemberID\nWHERE\n  ContributesTo.ProjectID = ?\n" rows_affected=0 rows_returned=1 elapsed=357.375µs elapsed_secs=0.000357375
[00:00:24.076] (1ddb4dec0) DEBUG  summary="SELECT Sprint.* FROM Sprint …" db.statement="\n\nSELECT\n  Sprint.*\nFROM\n  Sprint\n  INNER JOIN ProjectSprint ON Sprint.SprintID = ProjectSprint.SprintID\nWHERE\n  ProjectSprint.ProjectID = ?\n" rows_affected=0 rows_returned=1 elapsed=352.792µs elapsed_secs=0.000352792
[00:00:24.078] (1ddb4dec0) DEBUG  summary="SELECT Task.* FROM Task …" db.statement="\n\nSELECT\n  Task.*\nFROM\n  Task\n  INNER JOIN PartOf ON Task.TaskID = PartOf.TaskID\nWHERE\n  PartOf.SprintID = ?\n" rows_affected=0 rows_returned=2 elapsed=370.25µs elapsed_secs=0.00037025
[00:00:24.081] (1ddb4dec0) DEBUG  summary="SELECT Member.* FROM Member …" db.statement="\n\nSELECT\n  Member.*\nFROM\n  Member\n  INNER JOIN ContributesTo ON Member.MemberID = ContributesTo.MemberID\nWHERE\n  ContributesTo.ProjectID = ?\n" rows_affected=0 rows_returned=1 elapsed=314.667µs elapsed_secs=0.000314667
[00:00:24.084] (1ddb4dec0) DEBUG  summary="SELECT Sprint.* FROM Sprint …" db.statement="\n\nSELECT\n  Sprint.*\nFROM\n  Sprint\n  INNER JOIN ProjectSprint ON Sprint.SprintID = ProjectSprint.SprintID\nWHERE\n  ProjectSprint.ProjectID = ?\n" rows_affected=0 rows_returned=1 elapsed=319.792µs elapsed_secs=0.000319792
[00:00:24.086] (1ddb4dec0) DEBUG  summary="SELECT Task.* FROM Task …" db.statement="\n\nSELECT\n  Task.*\nFROM\n  Task\n  INNER JOIN PartOf ON Task.TaskID = PartOf.TaskID\nWHERE\n  PartOf.SprintID = ?\n" rows_affected=0 rows_returned=2 elapsed=362.083µs elapsed_secs=0.000362083
[00:00:24.088] (1ddb4dec0) DEBUG  summary="SELECT Member.* FROM Member …" db.statement="\n\nSELECT\n  Member.*\nFROM\n  Member\n  INNER JOIN ContributesTo ON Member.MemberID = ContributesTo.MemberID\nWHERE\n  ContributesTo.ProjectID = ?\n" rows_affected=0 rows_returned=2 elapsed=311.834µs elapsed_secs=0.000311834
[00:00:24.804] (1ddb4dec0) TRACE  Attempted to open a project's dialog!
[00:00:26.723] (1ddb4dec0) DEBUG  summary="SELECT * FROM Project" db.statement="" rows_affected=0 rows_returned=4 elapsed=615.917µs elapsed_secs=0.000615917
[00:00:26.728] (1ddb4dec0) DEBUG  summary="SELECT Sprint.* FROM Sprint …" db.statement="\n\nSELECT\n  Sprint.*\nFROM\n  Sprint\n  INNER JOIN ProjectSprint ON Sprint.SprintID = ProjectSprint.SprintID\nWHERE\n  ProjectSprint.ProjectID = ?\n" rows_affected=0 rows_returned=3 elapsed=655.917µs elapsed_secs=0.000655917
[00:00:26.733] (1ddb4dec0) DEBUG  summary="SELECT Task.* FROM Task …" db.statement="\n\nSELECT\n  Task.*\nFROM\n  Task\n  INNER JOIN PartOf ON Task.TaskID = PartOf.TaskID\nWHERE\n  PartOf.SprintID = ?\n" rows_affected=0 rows_returned=2 elapsed=645.542µs elapsed_secs=0.000645542
[00:00:26.736] (1ddb4dec0) DEBUG  summary="SELECT Task.* FROM Task …" db.statement="\n\nSELECT\n  Task.*\nFROM\n  Task\n  INNER JOIN PartOf ON Task.TaskID = PartOf.TaskID\nWHERE\n  PartOf.SprintID = ?\n" rows_affected=0 rows_returned=2 elapsed=546.959µs elapsed_secs=0.000546959
[00:00:26.740] (1ddb4dec0) DEBUG  summary="SELECT Task.* FROM Task …" db.statement="\n\nSELECT\n  Task.*\nFROM\n  Task\n  INNER JOIN PartOf ON Task.TaskID = PartOf.TaskID\nWHERE\n  PartOf.SprintID = ?\n" rows_affected=0 rows_returned=2 elapsed=362.458µs elapsed_secs=0.000362458
[00:00:26.743] (1ddb4dec0) DEBUG  summary="SELECT Member.* FROM Member …" db.statement="\n\nSELECT\n  Member.*\nFROM\n  Member\n  INNER JOIN ContributesTo ON Member.MemberID = ContributesTo.MemberID\nWHERE\n  ContributesTo.ProjectID = ?\n" rows_affected=0 rows_returned=2 elapsed=455.292µs elapsed_secs=0.000455292
[00:00:26.747] (1ddb4dec0) DEBUG  summary="SELECT Sprint.* FROM Sprint …" db.statement="\n\nSELECT\n  Sprint.*\nFROM\n  Sprint\n  INNER JOIN ProjectSprint ON Sprint.SprintID = ProjectSprint.SprintID\nWHERE\n  ProjectSprint.ProjectID = ?\n" rows_affected=0 rows_returned=1 elapsed=458.458µs elapsed_secs=0.000458458
[00:00:26.750] (1ddb4dec0) DEBUG  summary="SELECT Task.* FROM Task …" db.statement="\n\nSELECT\n  Task.*\nFROM\n  Task\n  INNER JOIN PartOf ON Task.TaskID = PartOf.TaskID\nWHERE\n  PartOf.SprintID = ?\n" rows_affected=0 rows_returned=2 elapsed=390.833µs elapsed_secs=0.000390833
[00:00:26.753] (1ddb4dec0) DEBUG  summary="SELECT Member.* FROM Member …" db.statement="\n\nSELECT\n  Member.*\nFROM\n  Member\n  INNER JOIN ContributesTo ON Member.MemberID = ContributesTo.MemberID\nWHERE\n  ContributesTo.ProjectID = ?\n" rows_affected=0 rows_returned=1 elapsed=366µs elapsed_secs=0.000366
[00:00:26.756] (1ddb4dec0) DEBUG  summary="SELECT Sprint.* FROM Sprint …" db.statement="\n\nSELECT\n  Sprint.*\nFROM\n  Sprint\n  INNER JOIN ProjectSprint ON Sprint.SprintID = ProjectSprint.SprintID\nWHERE\n  ProjectSprint.ProjectID = ?\n" rows_affected=0 rows_returned=1 elapsed=375.667µs elapsed_secs=0.000375667
[00:00:26.759] (1ddb4dec0) DEBUG  summary="SELECT Task.* FROM Task …" db.statement="\n\nSELECT\n  Task.*\nFROM\n  Task\n  INNER JOIN PartOf ON Task.TaskID = PartOf.TaskID\nWHERE\n  PartOf.SprintID = ?\n" rows_affected=0 rows_returned=2 elapsed=501.916µs elapsed_secs=0.000501916
[00:00:26.762] (1ddb4dec0) DEBUG  summary="SELECT Member.* FROM Member …" db.statement="\n\nSELECT\n  Member.*\nFROM\n  Member\n  INNER JOIN ContributesTo ON Member.MemberID = ContributesTo.MemberID\nWHERE\n  ContributesTo.ProjectID = ?\n" rows_affected=0 rows_returned=1 elapsed=572.084µs elapsed_secs=0.000572084
[00:00:26.765] (1ddb4dec0) DEBUG  summary="SELECT Sprint.* FROM Sprint …" db.statement="\n\nSELECT\n  Sprint.*\nFROM\n  Sprint\n  INNER JOIN ProjectSprint ON Sprint.SprintID = ProjectSprint.SprintID\nWHERE\n  ProjectSprint.ProjectID = ?\n" rows_affected=0 rows_returned=1 elapsed=495.958µs elapsed_secs=0.000495958
[00:00:26.768] (1ddb4dec0) DEBUG  summary="SELECT Task.* FROM Task …" db.statement="\n\nSELECT\n  Task.*\nFROM\n  Task\n  INNER JOIN PartOf ON Task.TaskID = PartOf.TaskID\nWHERE\n  PartOf.SprintID = ?\n" rows_affected=0 rows_returned=2 elapsed=420.667µs elapsed_secs=0.000420667
[00:00:26.771] (1ddb4dec0) DEBUG  summary="SELECT Member.* FROM Member …" db.statement="\n\nSELECT\n  Member.*\nFROM\n  Member\n  INNER JOIN ContributesTo ON Member.MemberID = ContributesTo.MemberID\nWHERE\n  ContributesTo.ProjectID = ?\n" rows_affected=0 rows_returned=2 elapsed=335.917µs elapsed_secs=0.000335917
[00:00:29.369] (1ddb4dec0) TRACE  deregistering event source from poller
[00:00:29.369] (1ddb4dec0) TRACE  deregistering event source from poller
